<?xml version="1.0" encoding="UTF-8"?>
<!-- Generated by org.testng.reporters.JUnitReportReporter -->
<testsuite hostname="Yaminis-MacBook-Air.local" failures="0" tests="1" name="com.tekarch.tests.AutomationScripts_05162022" time="20.176" errors="0" timestamp="2022-05-16T22:36:08 PDT" skipped="0">
  <testcase classname="com.tekarch.tests.AutomationScripts_05162022" name="testCase5" time="20.176"/>
  <system-out/>
</testsuite> <!-- com.tekarch.tests.AutomationScripts_05162022 -->
