<?xml version="1.0" encoding="UTF-8"?>
<!-- Generated by org.testng.reporters.JUnitReportReporter -->
<testsuite hostname="Yaminis-MacBook-Air.local" failures="0" tests="1" name="com.tekarch.tests.AutomationScripts" time="14.281" errors="0" timestamp="2022-05-25T12:23:27 PDT" skipped="0">
  <testcase classname="com.tekarch.tests.AutomationScripts" name="testCase1" time="14.281"/>
  <system-out/>
</testsuite> <!-- com.tekarch.tests.AutomationScripts -->
